This file contains any messages produced by compilers while
running configure, to aid debugging if configure makes a mistake.

It was created by configure, which was
generated by GNU Autoconf 2.61.  Invocation command line was

  $ ./configure 

## --------- ##
## Platform. ##
## --------- ##

hostname = mydesktop
uname -m = i686
uname -r = 2.6.22-16-386
uname -s = Linux
uname -v = #1 Sun Jan 25 23:31:03 GMT 2009

/usr/bin/uname -p = unknown
/bin/uname -X     = unknown

/bin/arch              = unknown
/usr/bin/arch -k       = unknown
/usr/convex/getsysinfo = unknown
/usr/bin/hostinfo      = unknown
/bin/machine           = unknown
/usr/bin/oslevel       = unknown
/bin/universe          = unknown

PATH: /usr/local/sbin
PATH: /usr/local/bin
PATH: /usr/sbin
PATH: /usr/bin
PATH: /sbin
PATH: /bin
PATH: /usr/bin/X11
PATH: /usr/games


## ----------- ##
## Core tests. ##
## ----------- ##

configure:1966: checking for a BSD-compatible install
configure:2022: result: /usr/bin/install -c
configure:2033: checking whether build environment is sane
configure:2076: result: yes
configure:2104: checking for a thread-safe mkdir -p
configure:2143: result: /bin/mkdir -p
configure:2156: checking for gawk
configure:2172: found /usr/bin/gawk
configure:2183: result: gawk
configure:2194: checking whether make sets $(MAKE)
configure:2215: result: yes
configure:2484: checking build system type
configure:2502: result: i686-pc-linux-gnu
configure:2524: checking host system type
configure:2539: result: i686-pc-linux-gnu
configure:2573: checking for style of include used by make
configure:2601: result: GNU
configure:2671: checking for gcc
configure:2687: found /usr/bin/gcc
configure:2698: result: gcc
configure:2936: checking for C compiler version
configure:2943: gcc --version >&5
gcc (GCC) 4.1.3 20070929 (prerelease) (Ubuntu 4.1.2-16ubuntu2)
Copyright (C) 2006 Free Software Foundation, Inc.
This is free software; see the source for copying conditions.  There is NO
warranty; not even for MERCHANTABILITY or FITNESS FOR A PARTICULAR PURPOSE.

configure:2946: $? = 0
configure:2953: gcc -v >&5
Using built-in specs.
Target: i486-linux-gnu
Configured with: ../src/configure -v --enable-languages=c,c++,fortran,objc,obj-c++,treelang --prefix=/usr --enable-shared --with-system-zlib --libexecdir=/usr/lib --without-included-gettext --enable-threads=posix --enable-nls --with-gxx-include-dir=/usr/include/c++/4.1.3 --program-suffix=-4.1 --enable-__cxa_atexit --enable-clocale=gnu --enable-libstdcxx-debug --enable-mpfr --enable-checking=release i486-linux-gnu
Thread model: posix
gcc version 4.1.3 20070929 (prerelease) (Ubuntu 4.1.2-16ubuntu2)
configure:2956: $? = 0
configure:2963: gcc -V >&5
gcc: '-V' option must have argument
configure:2966: $? = 1
configure:2989: checking for C compiler default output file name
configure:3016: gcc    conftest.c  >&5
configure:3019: $? = 0
configure:3057: result: a.out
configure:3074: checking whether the C compiler works
configure:3084: ./a.out
configure:3087: $? = 0
configure:3104: result: yes
configure:3111: checking whether we are cross compiling
configure:3113: result: no
configure:3116: checking for suffix of executables
configure:3123: gcc -o conftest    conftest.c  >&5
configure:3126: $? = 0
configure:3150: result: 
configure:3156: checking for suffix of object files
configure:3182: gcc -c   conftest.c >&5
configure:3185: $? = 0
configure:3208: result: o
configure:3212: checking whether we are using the GNU C compiler
configure:3241: gcc -c   conftest.c >&5
configure:3247: $? = 0
configure:3264: result: yes
configure:3269: checking whether gcc accepts -g
configure:3299: gcc -c -g  conftest.c >&5
configure:3305: $? = 0
configure:3404: result: yes
configure:3421: checking for gcc option to accept ISO C89
configure:3495: gcc  -c -g -O2  conftest.c >&5
configure:3501: $? = 0
configure:3524: result: none needed
configure:3544: checking dependency style of gcc
configure:3635: result: gcc3
configure:3650: checking for a sed that does not truncate output
configure:3706: result: /bin/sed
configure:3709: checking for grep that handles long lines and -e
configure:3783: result: /bin/grep
configure:3788: checking for egrep
configure:3866: result: /bin/grep -E
configure:3882: checking for ld used by gcc
configure:3949: result: /usr/bin/ld
configure:3958: checking if the linker (/usr/bin/ld) is GNU ld
configure:3973: result: yes
configure:3978: checking for /usr/bin/ld option to reload object files
configure:3985: result: -r
configure:4003: checking for BSD-compatible nm
configure:4052: result: /usr/bin/nm -B
configure:4056: checking whether ln -s works
configure:4060: result: yes
configure:4067: checking how to recognize dependent libraries
configure:4253: result: pass_all
configure:4494: checking how to run the C preprocessor
configure:4534: gcc -E  conftest.c
configure:4540: $? = 0
configure:4571: gcc -E  conftest.c
conftest.c:10:28: error: ac_nonexistent.h: No such file or directory
configure:4577: $? = 1
configure: failed program was:
| /* confdefs.h.  */
| #define PACKAGE_NAME ""
| #define PACKAGE_TARNAME ""
| #define PACKAGE_VERSION ""
| #define PACKAGE_STRING ""
| #define PACKAGE_BUGREPORT ""
| #define PACKAGE "libalize"
| #define VERSION "0.0"
| /* end confdefs.h.  */
| #include <ac_nonexistent.h>
configure:4610: result: gcc -E
configure:4639: gcc -E  conftest.c
configure:4645: $? = 0
configure:4676: gcc -E  conftest.c
conftest.c:10:28: error: ac_nonexistent.h: No such file or directory
configure:4682: $? = 1
configure: failed program was:
| /* confdefs.h.  */
| #define PACKAGE_NAME ""
| #define PACKAGE_TARNAME ""
| #define PACKAGE_VERSION ""
| #define PACKAGE_STRING ""
| #define PACKAGE_BUGREPORT ""
| #define PACKAGE "libalize"
| #define VERSION "0.0"
| /* end confdefs.h.  */
| #include <ac_nonexistent.h>
configure:4720: checking for ANSI C header files
configure:4750: gcc -c -g -O2  conftest.c >&5
configure:4756: $? = 0
configure:4855: gcc -o conftest -g -O2   conftest.c  >&5
configure:4858: $? = 0
configure:4864: ./conftest
configure:4867: $? = 0
configure:4884: result: yes
configure:4908: checking for sys/types.h
configure:4929: gcc -c -g -O2  conftest.c >&5
configure:4935: $? = 0
configure:4951: result: yes
configure:4908: checking for sys/stat.h
configure:4929: gcc -c -g -O2  conftest.c >&5
configure:4935: $? = 0
configure:4951: result: yes
configure:4908: checking for stdlib.h
configure:4929: gcc -c -g -O2  conftest.c >&5
configure:4935: $? = 0
configure:4951: result: yes
configure:4908: checking for string.h
configure:4929: gcc -c -g -O2  conftest.c >&5
configure:4935: $? = 0
configure:4951: result: yes
configure:4908: checking for memory.h
configure:4929: gcc -c -g -O2  conftest.c >&5
configure:4935: $? = 0
configure:4951: result: yes
configure:4908: checking for strings.h
configure:4929: gcc -c -g -O2  conftest.c >&5
configure:4935: $? = 0
configure:4951: result: yes
configure:4908: checking for inttypes.h
configure:4929: gcc -c -g -O2  conftest.c >&5
configure:4935: $? = 0
configure:4951: result: yes
configure:4908: checking for stdint.h
configure:4929: gcc -c -g -O2  conftest.c >&5
configure:4935: $? = 0
configure:4951: result: yes
configure:4908: checking for unistd.h
configure:4929: gcc -c -g -O2  conftest.c >&5
configure:4935: $? = 0
configure:4951: result: yes
configure:4978: checking dlfcn.h usability
configure:4995: gcc -c -g -O2  conftest.c >&5
configure:5001: $? = 0
configure:5015: result: yes
configure:5019: checking dlfcn.h presence
configure:5034: gcc -E  conftest.c
configure:5040: $? = 0
configure:5054: result: yes
configure:5082: checking for dlfcn.h
configure:5090: result: yes
configure:5161: checking for g++
configure:5177: found /usr/bin/g++
configure:5188: result: g++
configure:5219: checking for C++ compiler version
configure:5226: g++ --version >&5
g++ (GCC) 4.1.3 20070929 (prerelease) (Ubuntu 4.1.2-16ubuntu2)
Copyright (C) 2006 Free Software Foundation, Inc.
This is free software; see the source for copying conditions.  There is NO
warranty; not even for MERCHANTABILITY or FITNESS FOR A PARTICULAR PURPOSE.

configure:5229: $? = 0
configure:5236: g++ -v >&5
Using built-in specs.
Target: i486-linux-gnu
Configured with: ../src/configure -v --enable-languages=c,c++,fortran,objc,obj-c++,treelang --prefix=/usr --enable-shared --with-system-zlib --libexecdir=/usr/lib --without-included-gettext --enable-threads=posix --enable-nls --with-gxx-include-dir=/usr/include/c++/4.1.3 --program-suffix=-4.1 --enable-__cxa_atexit --enable-clocale=gnu --enable-libstdcxx-debug --enable-mpfr --enable-checking=release i486-linux-gnu
Thread model: posix
gcc version 4.1.3 20070929 (prerelease) (Ubuntu 4.1.2-16ubuntu2)
configure:5239: $? = 0
configure:5246: g++ -V >&5
g++: '-V' option must have argument
configure:5249: $? = 1
configure:5252: checking whether we are using the GNU C++ compiler
configure:5281: g++ -c   conftest.cpp >&5
configure:5287: $? = 0
configure:5304: result: yes
configure:5309: checking whether g++ accepts -g
configure:5339: g++ -c -g  conftest.cpp >&5
configure:5345: $? = 0
configure:5444: result: yes
configure:5469: checking dependency style of g++
configure:5560: result: gcc3
configure:5585: checking how to run the C++ preprocessor
configure:5621: g++ -E  conftest.cpp
configure:5627: $? = 0
configure:5658: g++ -E  conftest.cpp
conftest.cpp:21:28: error: ac_nonexistent.h: No such file or directory
configure:5664: $? = 1
configure: failed program was:
| /* confdefs.h.  */
| #define PACKAGE_NAME ""
| #define PACKAGE_TARNAME ""
| #define PACKAGE_VERSION ""
| #define PACKAGE_STRING ""
| #define PACKAGE_BUGREPORT ""
| #define PACKAGE "libalize"
| #define VERSION "0.0"
| #define STDC_HEADERS 1
| #define HAVE_SYS_TYPES_H 1
| #define HAVE_SYS_STAT_H 1
| #define HAVE_STDLIB_H 1
| #define HAVE_STRING_H 1
| #define HAVE_MEMORY_H 1
| #define HAVE_STRINGS_H 1
| #define HAVE_INTTYPES_H 1
| #define HAVE_STDINT_H 1
| #define HAVE_UNISTD_H 1
| #define HAVE_DLFCN_H 1
| /* end confdefs.h.  */
| #include <ac_nonexistent.h>
configure:5697: result: g++ -E
configure:5726: g++ -E  conftest.cpp
configure:5732: $? = 0
configure:5763: g++ -E  conftest.cpp
conftest.cpp:21:28: error: ac_nonexistent.h: No such file or directory
configure:5769: $? = 1
configure: failed program was:
| /* confdefs.h.  */
| #define PACKAGE_NAME ""
| #define PACKAGE_TARNAME ""
| #define PACKAGE_VERSION ""
| #define PACKAGE_STRING ""
| #define PACKAGE_BUGREPORT ""
| #define PACKAGE "libalize"
| #define VERSION "0.0"
| #define STDC_HEADERS 1
| #define HAVE_SYS_TYPES_H 1
| #define HAVE_SYS_STAT_H 1
| #define HAVE_STDLIB_H 1
| #define HAVE_STRING_H 1
| #define HAVE_MEMORY_H 1
| #define HAVE_STRINGS_H 1
| #define HAVE_INTTYPES_H 1
| #define HAVE_STDINT_H 1
| #define HAVE_UNISTD_H 1
| #define HAVE_DLFCN_H 1
| /* end confdefs.h.  */
| #include <ac_nonexistent.h>
configure:5862: checking for g77
configure:5892: result: no
configure:5862: checking for xlf
configure:5892: result: no
configure:5862: checking for f77
configure:5892: result: no
configure:5862: checking for frt
configure:5892: result: no
configure:5862: checking for pgf77
configure:5892: result: no
configure:5862: checking for cf77
configure:5892: result: no
configure:5862: checking for fort77
configure:5892: result: no
configure:5862: checking for fl32
configure:5892: result: no
configure:5862: checking for af77
configure:5892: result: no
configure:5862: checking for xlf90
configure:5892: result: no
configure:5862: checking for f90
configure:5892: result: no
configure:5862: checking for pgf90
configure:5892: result: no
configure:5862: checking for pghpf
configure:5892: result: no
configure:5862: checking for epcf90
configure:5892: result: no
configure:5862: checking for gfortran
configure:5892: result: no
configure:5862: checking for g95
configure:5892: result: no
configure:5862: checking for xlf95
configure:5892: result: no
configure:5862: checking for f95
configure:5892: result: no
configure:5862: checking for fort
configure:5892: result: no
configure:5862: checking for ifort
configure:5892: result: no
configure:5862: checking for ifc
configure:5892: result: no
configure:5862: checking for efc
configure:5892: result: no
configure:5862: checking for pgf95
configure:5892: result: no
configure:5862: checking for lf95
configure:5892: result: no
configure:5862: checking for ftn
configure:5892: result: no
configure:5919: checking for Fortran 77 compiler version
configure:5926:  --version >&5
./configure: line 5927: --version: command not found
configure:5929: $? = 127
configure:5936:  -v >&5
./configure: line 5937: -v: command not found
configure:5939: $? = 127
configure:5946:  -V >&5
./configure: line 5947: -V: command not found
configure:5949: $? = 127
configure:5957: checking whether we are using the GNU Fortran 77 compiler
configure:5976:  -c  conftest.F >&5
./configure: line 5977: -c: command not found
configure:5982: $? = 127
configure: failed program was:
|       program main
| #ifndef __GNUC__
|        choke me
| #endif
| 
|       end
configure:5999: result: no
configure:6005: checking whether  accepts -g
configure:6022:  -c -g conftest.f >&5
./configure: line 6023: -c: command not found
configure:6028: $? = 127
configure: failed program was:
|       program main
| 
|       end
configure:6044: result: no
configure:6074: checking the maximum length of command line arguments
configure:6186: result: 98304
configure:6198: checking command to parse /usr/bin/nm -B output from gcc object
configure:6303: gcc -c -g -O2  conftest.c >&5
configure:6306: $? = 0
configure:6310: /usr/bin/nm -B conftest.o \| sed -n -e 's/^.*[ 	]\([ABCDGIRSTW][ABCDGIRSTW]*\)[ 	][ 	]*\([_A-Za-z][_A-Za-z0-9]*\)$/\1 \2 \2/p' \> conftest.nm
configure:6313: $? = 0
configure:6365: gcc -o conftest -g -O2   conftest.c conftstm.o >&5
configure:6368: $? = 0
configure:6406: result: ok
configure:6410: checking for objdir
configure:6425: result: .libs
configure:6517: checking for ar
configure:6533: found /usr/bin/ar
configure:6544: result: ar
configure:6613: checking for ranlib
configure:6629: found /usr/bin/ranlib
configure:6640: result: ranlib
configure:6709: checking for strip
configure:6725: found /usr/bin/strip
configure:6736: result: strip
configure:7022: checking if gcc supports -fno-rtti -fno-exceptions
configure:7040: gcc -c -g -O2  -fno-rtti -fno-exceptions conftest.c >&5
cc1: warning: command line option "-fno-rtti" is valid for C++/ObjC++ but not for C
configure:7044: $? = 0
configure:7057: result: no
configure:7072: checking for gcc option to produce PIC
configure:7304: result: -fPIC
configure:7312: checking if gcc PIC flag -fPIC works
configure:7330: gcc -c -g -O2  -fPIC -DPIC conftest.c >&5
configure:7334: $? = 0
configure:7347: result: yes
configure:7375: checking if gcc static flag -static works
configure:7403: result: yes
configure:7413: checking if gcc supports -c -o file.o
configure:7434: gcc -c -g -O2  -o out/conftest2.o conftest.c >&5
configure:7438: $? = 0
configure:7460: result: yes
configure:7486: checking whether the gcc linker (/usr/bin/ld) supports shared libraries
configure:8467: result: yes
configure:8488: checking whether -lc should be explicitly linked in
configure:8493: gcc -c -g -O2  conftest.c >&5
configure:8496: $? = 0
configure:8511: gcc -shared conftest.o  -v -Wl,-soname -Wl,conftest -o conftest 2\>\&1 \| grep  -lc  \>/dev/null 2\>\&1
configure:8514: $? = 0
configure:8526: result: no
configure:8534: checking dynamic linker characteristics
configure:9148: result: GNU/Linux ld.so
configure:9157: checking how to hardcode library paths into programs
configure:9182: result: immediate
configure:9196: checking whether stripping libraries is possible
configure:9201: result: yes
configure:9325: checking for shl_load
configure:9381: gcc -o conftest -g -O2   conftest.c  >&5
/tmp/ccJ3NlNL.o: In function `main':
/home/eric/mistral_plateforme/ALIZE/conftest.c:55: undefined reference to `shl_load'
collect2: ld returned 1 exit status
configure:9387: $? = 1
configure: failed program was:
| /* confdefs.h.  */
| #define PACKAGE_NAME ""
| #define PACKAGE_TARNAME ""
| #define PACKAGE_VERSION ""
| #define PACKAGE_STRING ""
| #define PACKAGE_BUGREPORT ""
| #define PACKAGE "libalize"
| #define VERSION "0.0"
| #define STDC_HEADERS 1
| #define HAVE_SYS_TYPES_H 1
| #define HAVE_SYS_STAT_H 1
| #define HAVE_STDLIB_H 1
| #define HAVE_STRING_H 1
| #define HAVE_MEMORY_H 1
| #define HAVE_STRINGS_H 1
| #define HAVE_INTTYPES_H 1
| #define HAVE_STDINT_H 1
| #define HAVE_UNISTD_H 1
| #define HAVE_DLFCN_H 1
| /* end confdefs.h.  */
| /* Define shl_load to an innocuous variant, in case <limits.h> declares shl_load.
|    For example, HP-UX 11i <limits.h> declares gettimeofday.  */
| #define shl_load innocuous_shl_load
| 
| /* System header to define __stub macros and hopefully few prototypes,
|     which can conflict with char shl_load (); below.
|     Prefer <limits.h> to <assert.h> if __STDC__ is defined, since
|     <limits.h> exists even on freestanding compilers.  */
| 
| #ifdef __STDC__
| # include <limits.h>
| #else
| # include <assert.h>
| #endif
| 
| #undef shl_load
| 
| /* Override any GCC internal prototype to avoid an error.
|    Use char because int might match the return type of a GCC
|    builtin and then its argument prototype would still apply.  */
| #ifdef __cplusplus
| extern "C"
| #endif
| char shl_load ();
| /* The GNU C library defines this for functions which it implements
|     to always fail with ENOSYS.  Some functions are actually named
|     something starting with __ and the normal name is an alias.  */
| #if defined __stub_shl_load || defined __stub___shl_load
| choke me
| #endif
| 
| int
| main ()
| {
| return shl_load ();
|   ;
|   return 0;
| }
configure:9404: result: no
configure:9409: checking for shl_load in -ldld
configure:9444: gcc -o conftest -g -O2   conftest.c -ldld   >&5
/usr/bin/ld: cannot find -ldld
collect2: ld returned 1 exit status
configure:9450: $? = 1
configure: failed program was:
| /* confdefs.h.  */
| #define PACKAGE_NAME ""
| #define PACKAGE_TARNAME ""
| #define PACKAGE_VERSION ""
| #define PACKAGE_STRING ""
| #define PACKAGE_BUGREPORT ""
| #define PACKAGE "libalize"
| #define VERSION "0.0"
| #define STDC_HEADERS 1
| #define HAVE_SYS_TYPES_H 1
| #define HAVE_SYS_STAT_H 1
| #define HAVE_STDLIB_H 1
| #define HAVE_STRING_H 1
| #define HAVE_MEMORY_H 1
| #define HAVE_STRINGS_H 1
| #define HAVE_INTTYPES_H 1
| #define HAVE_STDINT_H 1
| #define HAVE_UNISTD_H 1
| #define HAVE_DLFCN_H 1
| /* end confdefs.h.  */
| 
| /* Override any GCC internal prototype to avoid an error.
|    Use char because int might match the return type of a GCC
|    builtin and then its argument prototype would still apply.  */
| #ifdef __cplusplus
| extern "C"
| #endif
| char shl_load ();
| int
| main ()
| {
| return shl_load ();
|   ;
|   return 0;
| }
configure:9468: result: no
configure:9473: checking for dlopen
configure:9529: gcc -o conftest -g -O2   conftest.c  >&5
/tmp/ccaJpTlx.o: In function `main':
/home/eric/mistral_plateforme/ALIZE/conftest.c:55: undefined reference to `dlopen'
collect2: ld returned 1 exit status
configure:9535: $? = 1
configure: failed program was:
| /* confdefs.h.  */
| #define PACKAGE_NAME ""
| #define PACKAGE_TARNAME ""
| #define PACKAGE_VERSION ""
| #define PACKAGE_STRING ""
| #define PACKAGE_BUGREPORT ""
| #define PACKAGE "libalize"
| #define VERSION "0.0"
| #define STDC_HEADERS 1
| #define HAVE_SYS_TYPES_H 1
| #define HAVE_SYS_STAT_H 1
| #define HAVE_STDLIB_H 1
| #define HAVE_STRING_H 1
| #define HAVE_MEMORY_H 1
| #define HAVE_STRINGS_H 1
| #define HAVE_INTTYPES_H 1
| #define HAVE_STDINT_H 1
| #define HAVE_UNISTD_H 1
| #define HAVE_DLFCN_H 1
| /* end confdefs.h.  */
| /* Define dlopen to an innocuous variant, in case <limits.h> declares dlopen.
|    For example, HP-UX 11i <limits.h> declares gettimeofday.  */
| #define dlopen innocuous_dlopen
| 
| /* System header to define __stub macros and hopefully few prototypes,
|     which can conflict with char dlopen (); below.
|     Prefer <limits.h> to <assert.h> if __STDC__ is defined, since
|     <limits.h> exists even on freestanding compilers.  */
| 
| #ifdef __STDC__
| # include <limits.h>
| #else
| # include <assert.h>
| #endif
| 
| #undef dlopen
| 
| /* Override any GCC internal prototype to avoid an error.
|    Use char because int might match the return type of a GCC
|    builtin and then its argument prototype would still apply.  */
| #ifdef __cplusplus
| extern "C"
| #endif
| char dlopen ();
| /* The GNU C library defines this for functions which it implements
|     to always fail with ENOSYS.  Some functions are actually named
|     something starting with __ and the normal name is an alias.  */
| #if defined __stub_dlopen || defined __stub___dlopen
| choke me
| #endif
| 
| int
| main ()
| {
| return dlopen ();
|   ;
|   return 0;
| }
configure:9552: result: no
configure:9557: checking for dlopen in -ldl
configure:9592: gcc -o conftest -g -O2   conftest.c -ldl   >&5
configure:9598: $? = 0
configure:9616: result: yes
configure:9785: checking whether a program can dlopen itself
configure:9859: gcc -o conftest -g -O2  -DHAVE_DLFCN_H  -Wl,--export-dynamic conftest.c -ldl  >&5
configure: In function 'main':
configure:9855: warning: incompatible implicit declaration of built-in function 'exit'
configure:9862: $? = 0
configure:9880: result: yes
configure:9885: checking whether a statically linked program can dlopen itself
configure:9959: gcc -o conftest -g -O2  -DHAVE_DLFCN_H  -Wl,--export-dynamic -static conftest.c -ldl  >&5
configure: In function 'main':
configure:9955: warning: incompatible implicit declaration of built-in function 'exit'
/tmp/ccNPhlS5.o: In function `main':
/home/eric/mistral_plateforme/ALIZE/configure:9943: warning: Using 'dlopen' in statically linked applications requires at runtime the shared libraries from the glibc version used for linking
configure:9962: $? = 0
/usr/local/lib/: cannot read file data: Is a directory
configure:9980: result: no
configure:10003: checking if libtool supports shared libraries
configure:10005: result: yes
configure:10008: checking whether to build shared libraries
configure:10029: result: yes
configure:10032: checking whether to build static libraries
configure:10036: result: yes
configure:10129: creating libtool
configure:10717: checking for ld used by g++
configure:10784: result: /usr/bin/ld
configure:10793: checking if the linker (/usr/bin/ld) is GNU ld
configure:10808: result: yes
configure:10859: checking whether the g++ linker (/usr/bin/ld) supports shared libraries
configure:11833: result: yes
configure:11851: g++ -c -g -O2  conftest.cpp >&5
configure:11854: $? = 0
configure:12006: checking for g++ option to produce PIC
configure:12290: result: -fPIC
configure:12298: checking if g++ PIC flag -fPIC works
configure:12316: g++ -c -g -O2  -fPIC -DPIC conftest.cpp >&5
configure:12320: $? = 0
configure:12333: result: yes
configure:12361: checking if g++ static flag -static works
configure:12389: result: yes
configure:12399: checking if g++ supports -c -o file.o
configure:12420: g++ -c -g -O2  -o out/conftest2.o conftest.cpp >&5
configure:12424: $? = 0
configure:12446: result: yes
configure:12472: checking whether the g++ linker (/usr/bin/ld) supports shared libraries
configure:12500: result: yes
configure:12567: checking dynamic linker characteristics
configure:13129: result: GNU/Linux ld.so
configure:13138: checking how to hardcode library paths into programs
configure:13163: result: immediate
configure:19481: checking for C++ compiler version
configure:19488: g++ --version >&5
g++ (GCC) 4.1.3 20070929 (prerelease) (Ubuntu 4.1.2-16ubuntu2)
Copyright (C) 2006 Free Software Foundation, Inc.
This is free software; see the source for copying conditions.  There is NO
warranty; not even for MERCHANTABILITY or FITNESS FOR A PARTICULAR PURPOSE.

configure:19491: $? = 0
configure:19498: g++ -v >&5
Using built-in specs.
Target: i486-linux-gnu
Configured with: ../src/configure -v --enable-languages=c,c++,fortran,objc,obj-c++,treelang --prefix=/usr --enable-shared --with-system-zlib --libexecdir=/usr/lib --without-included-gettext --enable-threads=posix --enable-nls --with-gxx-include-dir=/usr/include/c++/4.1.3 --program-suffix=-4.1 --enable-__cxa_atexit --enable-clocale=gnu --enable-libstdcxx-debug --enable-mpfr --enable-checking=release i486-linux-gnu
Thread model: posix
gcc version 4.1.3 20070929 (prerelease) (Ubuntu 4.1.2-16ubuntu2)
configure:19501: $? = 0
configure:19508: g++ -V >&5
g++: '-V' option must have argument
configure:19511: $? = 1
configure:19514: checking whether we are using the GNU C++ compiler
configure:19566: result: yes
configure:19571: checking whether g++ accepts -g
configure:19706: result: yes
configure:19731: checking dependency style of g++
configure:19822: result: gcc3
configure:19851: checking for a BSD-compatible install
configure:19907: result: /usr/bin/install -c
configure:20079: creating ./config.status

## ---------------------- ##
## Running config.status. ##
## ---------------------- ##

This file was extended by config.status, which was
generated by GNU Autoconf 2.61.  Invocation command line was

  CONFIG_FILES    = 
  CONFIG_HEADERS  = 
  CONFIG_LINKS    = 
  CONFIG_COMMANDS = 
  $ ./config.status 

on mydesktop

config.status:646: creating Makefile
config.status:646: creating src/Makefile
config.status:837: executing depfiles commands

## ---------------- ##
## Cache variables. ##
## ---------------- ##

ac_cv_build=i686-pc-linux-gnu
ac_cv_c_compiler_gnu=yes
ac_cv_cxx_compiler_gnu=yes
ac_cv_env_CCC_set=
ac_cv_env_CCC_value=
ac_cv_env_CC_set=
ac_cv_env_CC_value=
ac_cv_env_CFLAGS_set=
ac_cv_env_CFLAGS_value=
ac_cv_env_CPPFLAGS_set=
ac_cv_env_CPPFLAGS_value=
ac_cv_env_CPP_set=
ac_cv_env_CPP_value=
ac_cv_env_CXXCPP_set=
ac_cv_env_CXXCPP_value=
ac_cv_env_CXXFLAGS_set=
ac_cv_env_CXXFLAGS_value=
ac_cv_env_CXX_set=
ac_cv_env_CXX_value=
ac_cv_env_F77_set=
ac_cv_env_F77_value=
ac_cv_env_FFLAGS_set=
ac_cv_env_FFLAGS_value=
ac_cv_env_LDFLAGS_set=
ac_cv_env_LDFLAGS_value=
ac_cv_env_LIBS_set=
ac_cv_env_LIBS_value=
ac_cv_env_build_alias_set=
ac_cv_env_build_alias_value=
ac_cv_env_host_alias_set=
ac_cv_env_host_alias_value=
ac_cv_env_target_alias_set=
ac_cv_env_target_alias_value=
ac_cv_f77_compiler_gnu=no
ac_cv_func_dlopen=no
ac_cv_func_shl_load=no
ac_cv_header_dlfcn_h=yes
ac_cv_header_inttypes_h=yes
ac_cv_header_memory_h=yes
ac_cv_header_stdc=yes
ac_cv_header_stdint_h=yes
ac_cv_header_stdlib_h=yes
ac_cv_header_string_h=yes
ac_cv_header_strings_h=yes
ac_cv_header_sys_stat_h=yes
ac_cv_header_sys_types_h=yes
ac_cv_header_unistd_h=yes
ac_cv_host=i686-pc-linux-gnu
ac_cv_lib_dl_dlopen=yes
ac_cv_lib_dld_shl_load=no
ac_cv_objext=o
ac_cv_path_EGREP='/bin/grep -E'
ac_cv_path_GREP=/bin/grep
ac_cv_path_install='/usr/bin/install -c'
ac_cv_path_mkdir=/bin/mkdir
ac_cv_prog_AWK=gawk
ac_cv_prog_CPP='gcc -E'
ac_cv_prog_CXXCPP='g++ -E'
ac_cv_prog_ac_ct_AR=ar
ac_cv_prog_ac_ct_CC=gcc
ac_cv_prog_ac_ct_CXX=g++
ac_cv_prog_ac_ct_RANLIB=ranlib
ac_cv_prog_ac_ct_STRIP=strip
ac_cv_prog_cc_c89=
ac_cv_prog_cc_g=yes
ac_cv_prog_cxx_g=yes
ac_cv_prog_f77_g=no
ac_cv_prog_make_make_set=yes
am_cv_CC_dependencies_compiler_type=gcc3
am_cv_CXX_dependencies_compiler_type=gcc3
lt_cv_deplibs_check_method=pass_all
lt_cv_dlopen=dlopen
lt_cv_dlopen_libs=-ldl
lt_cv_dlopen_self=yes
lt_cv_dlopen_self_static=no
lt_cv_file_magic_cmd='$MAGIC_CMD'
lt_cv_file_magic_test_file=
lt_cv_ld_reload_flag=-r
lt_cv_objdir=.libs
lt_cv_path_LD=/usr/bin/ld
lt_cv_path_LDCXX=/usr/bin/ld
lt_cv_path_NM='/usr/bin/nm -B'
lt_cv_path_SED=/bin/sed
lt_cv_prog_compiler_c_o=yes
lt_cv_prog_compiler_c_o_CXX=yes
lt_cv_prog_compiler_rtti_exceptions=no
lt_cv_prog_gnu_ld=yes
lt_cv_prog_gnu_ldcxx=yes
lt_cv_sys_global_symbol_pipe='sed -n -e '\''s/^.*[ 	]\([ABCDGIRSTW][ABCDGIRSTW]*\)[ 	][ 	]*\([_A-Za-z][_A-Za-z0-9]*\)$/\1 \2 \2/p'\'''
lt_cv_sys_global_symbol_to_c_name_address='sed -n -e '\''s/^: \([^ ]*\) $/  {\"\1\", (lt_ptr) 0},/p'\'' -e '\''s/^[BCDEGRST] \([^ ]*\) \([^ ]*\)$/  {"\2", (lt_ptr) \&\2},/p'\'''
lt_cv_sys_global_symbol_to_cdecl='sed -n -e '\''s/^. .* \(.*\)$/extern int \1;/p'\'''
lt_cv_sys_max_cmd_len=98304
lt_lt_cv_prog_compiler_c_o='"yes"'
lt_lt_cv_prog_compiler_c_o_CXX='"yes"'
lt_lt_cv_sys_global_symbol_pipe='"sed -n -e '\''s/^.*[ 	]\\([ABCDGIRSTW][ABCDGIRSTW]*\\)[ 	][ 	]*\\([_A-Za-z][_A-Za-z0-9]*\\)\$/\\1 \\2 \\2/p'\''"'
lt_lt_cv_sys_global_symbol_to_c_name_address='"sed -n -e '\''s/^: \\([^ ]*\\) \$/  {\\\"\\1\\\", (lt_ptr) 0},/p'\'' -e '\''s/^[BCDEGRST] \\([^ ]*\\) \\([^ ]*\\)\$/  {\"\\2\", (lt_ptr) \\&\\2},/p'\''"'
lt_lt_cv_sys_global_symbol_to_cdecl='"sed -n -e '\''s/^. .* \\(.*\\)\$/extern int \\1;/p'\''"'

## ----------------- ##
## Output variables. ##
## ----------------- ##

ACLOCAL='${SHELL} /home/eric/mistral_plateforme/ALIZE/missing --run aclocal-1.10'
AMDEPBACKSLASH='\'
AMDEP_FALSE='#'
AMDEP_TRUE=''
AMTAR='${SHELL} /home/eric/mistral_plateforme/ALIZE/missing --run tar'
AR='ar'
AUTOCONF='${SHELL} /home/eric/mistral_plateforme/ALIZE/missing --run autoconf'
AUTOHEADER='${SHELL} /home/eric/mistral_plateforme/ALIZE/missing --run autoheader'
AUTOMAKE='${SHELL} /home/eric/mistral_plateforme/ALIZE/missing --run automake-1.10'
AWK='gawk'
CC='gcc'
CCDEPMODE='depmode=gcc3'
CFLAGS='-g -O2'
CPP='gcc -E'
CPPFLAGS=''
CXX='g++'
CXXCPP='g++ -E'
CXXDEPMODE='depmode=gcc3'
CXXFLAGS='-O3 -ffast-math -Wall'
CYGPATH_W='echo'
DEFS='-DPACKAGE_NAME=\"\" -DPACKAGE_TARNAME=\"\" -DPACKAGE_VERSION=\"\" -DPACKAGE_STRING=\"\" -DPACKAGE_BUGREPORT=\"\" -DPACKAGE=\"libalize\" -DVERSION=\"0.0\" -DSTDC_HEADERS=1 -DHAVE_SYS_TYPES_H=1 -DHAVE_SYS_STAT_H=1 -DHAVE_STDLIB_H=1 -DHAVE_STRING_H=1 -DHAVE_MEMORY_H=1 -DHAVE_STRINGS_H=1 -DHAVE_INTTYPES_H=1 -DHAVE_STDINT_H=1 -DHAVE_UNISTD_H=1 -DHAVE_DLFCN_H=1'
DEPDIR='.deps'
ECHO='echo'
ECHO_C=''
ECHO_N='-n'
ECHO_T=''
EGREP='/bin/grep -E'
EXEEXT=''
F77=''
FFLAGS=''
GREP='/bin/grep'
INSTALL_DATA='${INSTALL} -m 644'
INSTALL_PROGRAM='${INSTALL}'
INSTALL_SCRIPT='${INSTALL}'
INSTALL_STRIP_PROGRAM='$(install_sh) -c -s'
LDFLAGS=''
LIBOBJS=''
LIBS=''
LIBTOOL='$(SHELL) $(top_builddir)/libtool'
LN_S='ln -s'
LTLIBOBJS=''
MAKEINFO='${SHELL} /home/eric/mistral_plateforme/ALIZE/missing --run makeinfo'
OBJEXT='o'
PACKAGE='libalize'
PACKAGE_BUGREPORT=''
PACKAGE_NAME=''
PACKAGE_STRING=''
PACKAGE_TARNAME=''
PACKAGE_VERSION=''
PATH_SEPARATOR=':'
RANLIB='ranlib'
SED='/bin/sed'
SET_MAKE=''
SHELL='/bin/bash'
STRIP='strip'
VERSION='0.0'
ac_ct_CC='gcc'
ac_ct_CXX='g++'
ac_ct_F77=''
am__fastdepCC_FALSE='#'
am__fastdepCC_TRUE=''
am__fastdepCXX_FALSE='#'
am__fastdepCXX_TRUE=''
am__include='include'
am__isrc=''
am__leading_dot='.'
am__quote=''
am__tar='${AMTAR} chof - "$$tardir"'
am__untar='${AMTAR} xf -'
bindir='${exec_prefix}/bin'
build='i686-pc-linux-gnu'
build_alias=''
build_cpu='i686'
build_os='linux-gnu'
build_vendor='pc'
datadir='${datarootdir}'
datarootdir='${prefix}/share'
docdir='${datarootdir}/doc/${PACKAGE}'
dvidir='${docdir}'
exec_prefix='${prefix}'
host='i686-pc-linux-gnu'
host_alias=''
host_cpu='i686'
host_os='linux-gnu'
host_vendor='pc'
htmldir='${docdir}'
includedir='${prefix}/include'
infodir='${datarootdir}/info'
install_sh='$(SHELL) /home/eric/mistral_plateforme/ALIZE/install-sh'
libdir='${exec_prefix}/lib'
libexecdir='${exec_prefix}/libexec'
localedir='${datarootdir}/locale'
localstatedir='${prefix}/var'
mandir='${datarootdir}/man'
mkdir_p='/bin/mkdir -p'
oldincludedir='/usr/include'
pdfdir='${docdir}'
prefix='/home/eric/mistral_plateforme/ALIZE'
program_transform_name='s,x,x,'
psdir='${docdir}'
sbindir='${exec_prefix}/sbin'
sharedstatedir='${prefix}/com'
sysconfdir='${prefix}/etc'
target_alias=''

## ----------- ##
## confdefs.h. ##
## ----------- ##

#define PACKAGE_NAME ""
#define PACKAGE_TARNAME ""
#define PACKAGE_VERSION ""
#define PACKAGE_STRING ""
#define PACKAGE_BUGREPORT ""
#define PACKAGE "libalize"
#define VERSION "0.0"
#define STDC_HEADERS 1
#define HAVE_SYS_TYPES_H 1
#define HAVE_SYS_STAT_H 1
#define HAVE_STDLIB_H 1
#define HAVE_STRING_H 1
#define HAVE_MEMORY_H 1
#define HAVE_STRINGS_H 1
#define HAVE_INTTYPES_H 1
#define HAVE_STDINT_H 1
#define HAVE_UNISTD_H 1
#define HAVE_DLFCN_H 1

configure: exit 0
